<?xml version="1.0" encoding="UTF-8"?>
<testsuite name="de.thd.zahnputzmaschine.model.sensor.DynamicPressureSensorTest" tests="7" skipped="0" failures="0" errors="0" timestamp="2025-06-17T23:36:40" hostname="10NV26OP" time="0.031">
  <properties/>
  <testcase name="testOffModeThresholds()" classname="de.thd.zahnputzmaschine.model.sensor.DynamicPressureSensorTest" time="0.001"/>
  <testcase name="testStatusStringWithModes()" classname="de.thd.zahnputzmaschine.model.sensor.DynamicPressureSensorTest" time="0.004"/>
  <testcase name="testThresholdTransitions()" classname="de.thd.zahnputzmaschine.model.sensor.DynamicPressureSensorTest" time="0.003"/>
  <testcase name="testNormalModeThresholds()" classname="de.thd.zahnputzmaschine.model.sensor.DynamicPressureSensorTest" time="0.003"/>
  <testcase name="testGentleModeThresholds()" classname="de.thd.zahnputzmaschine.model.sensor.DynamicPressureSensorTest" time="0.003"/>
  <testcase name="testIntenseModeThresholds()" classname="de.thd.zahnputzmaschine.model.sensor.DynamicPressureSensorTest" time="0.002"/>
  <testcase name="testBoundaryValuesWithDynamicThresholds()" classname="de.thd.zahnputzmaschine.model.sensor.DynamicPressureSensorTest" time="0.003"/>
  <system-out><![CDATA[[2025-06-18 01:36:40] [INFO] [PressureSensor] Druckschwellen angepasst fuer Intensitaet: GENTLE
[2025-06-18 01:36:40] [INFO] [PressureSensor] Druck simuliert: 2.0 N
[2025-06-18 01:36:40] [INFO] [PressureSensor] Druckschwellen angepasst fuer Intensitaet: INTENSE
[2025-06-18 01:36:40] [INFO] [PressureSensor] Druck simuliert: 2.5 N
[2025-06-18 01:36:40] [INFO] [PressureSensor] Druckschwellen angepasst fuer Intensitaet: GENTLE
[2025-06-18 01:36:40] [INFO] [PressureSensor] Druckschwellen angepasst fuer Intensitaet: NORMAL
[2025-06-18 01:36:40] [INFO] [PressureSensor] Druckschwellen angepasst fuer Intensitaet: INTENSE
[2025-06-18 01:36:40] [INFO] [PressureSensor] Druckschwellen angepasst fuer Intensitaet: NORMAL
[2025-06-18 01:36:40] [INFO] [PressureSensor] Druck simuliert: 2.5 N
[2025-06-18 01:36:40] [INFO] [PressureSensor] Druck simuliert: 3.5 N
[2025-06-18 01:36:40] [WARN] [PressureSensor] Warnung fuer NORMAL-Modus bei 3.5 N!
[2025-06-18 01:36:40] [INFO] [PressureSensor] Druck simuliert: 5.5 N
[2025-06-18 01:36:40] [ERROR] [PressureSensor] Kritisch fuer NORMAL-Modus bei 5.5 N!
[2025-06-18 01:36:40] [INFO] [PressureSensor] Druckschwellen angepasst fuer Intensitaet: GENTLE
[2025-06-18 01:36:40] [INFO] [PressureSensor] Druck simuliert: 3.5 N
[2025-06-18 01:36:40] [INFO] [PressureSensor] Druck simuliert: 4.0 N
[2025-06-18 01:36:40] [WARN] [PressureSensor] Warnung fuer GENTLE-Modus bei 4.0 N!
[2025-06-18 01:36:40] [INFO] [PressureSensor] Druck simuliert: 6.5 N
[2025-06-18 01:36:40] [ERROR] [PressureSensor] Kritisch fuer GENTLE-Modus bei 6.5 N!
[2025-06-18 01:36:40] [INFO] [PressureSensor] Druckschwellen angepasst fuer Intensitaet: INTENSE
[2025-06-18 01:36:40] [INFO] [PressureSensor] Druck simuliert: 1.5 N
[2025-06-18 01:36:40] [INFO] [PressureSensor] Druck simuliert: 2.0 N
[2025-06-18 01:36:40] [WARN] [PressureSensor] Warnung fuer INTENSE-Modus bei 2.0 N!
[2025-06-18 01:36:40] [INFO] [PressureSensor] Druck simuliert: 3.5 N
[2025-06-18 01:36:40] [ERROR] [PressureSensor] Kritisch fuer INTENSE-Modus bei 3.5 N!
[2025-06-18 01:36:40] [INFO] [PressureSensor] Druckschwellen angepasst fuer Intensitaet: GENTLE
[2025-06-18 01:36:40] [INFO] [PressureSensor] Druck simuliert: 3.6 N
[2025-06-18 01:36:40] [WARN] [PressureSensor] Warnung fuer GENTLE-Modus bei 3.6 N!
[2025-06-18 01:36:40] [INFO] [PressureSensor] Druck simuliert: 3.59 N
[2025-06-18 01:36:40] [INFO] [PressureSensor] Druckschwellen angepasst fuer Intensitaet: INTENSE
[2025-06-18 01:36:40] [INFO] [PressureSensor] Druck simuliert: 3.6 N
[2025-06-18 01:36:40] [ERROR] [PressureSensor] Kritisch fuer INTENSE-Modus bei 3.6 N!
]]></system-out>
  <system-err><![CDATA[]]></system-err>
</testsuite>
