<?xml version="1.0" encoding="UTF-8"?>
<testsuite name="de.thd.zahnputzmaschine.integration.DynamicPressureIntegrationTest" tests="5" skipped="0" failures="0" errors="0" timestamp="2025-06-17T23:36:40" hostname="10NV26OP" time="0.083">
  <properties/>
  <testcase name="testPressureStatusDuringCompleteCycle()" classname="de.thd.zahnputzmaschine.integration.DynamicPressureIntegrationTest" time="0.035"/>
  <testcase name="testSamePressureDifferentReactions()" classname="de.thd.zahnputzmaschine.integration.DynamicPressureIntegrationTest" time="0.012"/>
  <testcase name="testAutomaticThresholdUpdateOnStateChange()" classname="de.thd.zahnputzmaschine.integration.DynamicPressureIntegrationTest" time="0.009"/>
  <testcase name="testPressureThresholdsChangeWithIntensity()" classname="de.thd.zahnputzmaschine.integration.DynamicPressureIntegrationTest" time="0.01"/>
  <testcase name="testCriticalPressureInDifferentModes()" classname="de.thd.zahnputzmaschine.integration.DynamicPressureIntegrationTest" time="0.009"/>
  <system-out><![CDATA[[2025-06-18 01:36:40] [INFO] [IdleState] === ZahnbÃ¼rste AUSGESCHALTET ===
ZahnbÃ¼rste ausgeschaltet
[2025-06-18 01:36:40] [INFO] [ToothbrushController] Druckschwellen aktualisiert fÃ¼r OFF:
[2025-06-18 01:36:40] [INFO] [ToothbrushController]   - Warnung bei: 3.0 N
[2025-06-18 01:36:40] [INFO] [ToothbrushController]   - Kritisch bei: 5.0 N
[2025-06-18 01:36:40] [INFO] [ToothbrushController] ToothbrushController mit Sensor-System initialisiert
[2025-06-18 01:36:40] [INFO] [PressureSensor] Druck simuliert: 3.2 N
[2025-06-18 01:36:40] [WARN] [PressureSensor] Warnung fuer OFF-Modus bei 3.2 N!
[2025-06-18 01:36:40] [INFO] [ToothbrushController] Button pressed in state: IdleState
[2025-06-18 01:36:40] [INFO] [IdleState] Button pressed in IDLE state - switching to GENTLE
[2025-06-18 01:36:40] [INFO] [IdleState] Leaving IDLE state
[2025-06-18 01:36:40] [INFO] [IdleState] === Entering GENTLE mode ===
ZahnbÃ¼rste lÃ¤uft im SANFTEN Modus (15.000 Schwingungen/min)
LED: GrÃ¼n
[2025-06-18 01:36:40] [INFO] [PressureSensor] Druckschwellen angepasst fuer Intensitaet: GENTLE
[2025-06-18 01:36:40] [INFO] [ToothbrushController] Druckschwellen aktualisiert fÃ¼r GENTLE:
[2025-06-18 01:36:40] [INFO] [ToothbrushController]   - Warnung bei: 3.5999999999999996 N
[2025-06-18 01:36:40] [INFO] [ToothbrushController]   - Kritisch bei: 6.0 N
[2025-06-18 01:36:40] [INFO] [WarningSystem] Warnsystem aktiviert
[2025-06-18 01:36:40] [INFO] [ToothbrushController] State changed from IdleState to GentleState
[2025-06-18 01:36:40] [INFO] [PressureSensor] Druck simuliert: 3.2 N
[2025-06-18 01:36:40] [INFO] [ToothbrushController] Button pressed in state: GentleState
[2025-06-18 01:36:40] [INFO] [IdleState] Button pressed in GENTLE state - switching to NORMAL
[2025-06-18 01:36:40] [INFO] [IdleState] Leaving GENTLE state
[2025-06-18 01:36:40] [INFO] [IdleState] === Entering NORMAL mode ===
ZahnbÃ¼rste lÃ¤uft im NORMALEN Modus (25.000 Schwingungen/min)
LED: Blau
[2025-06-18 01:36:40] [INFO] [PressureSensor] Druckschwellen angepasst fuer Intensitaet: NORMAL
[2025-06-18 01:36:40] [INFO] [ToothbrushController] Druckschwellen aktualisiert fÃ¼r NORMAL:
[2025-06-18 01:36:40] [INFO] [ToothbrushController]   - Warnung bei: 3.0 N
[2025-06-18 01:36:40] [INFO] [ToothbrushController]   - Kritisch bei: 5.0 N
[2025-06-18 01:36:40] [INFO] [WarningSystem] Warnsystem aktiviert
[2025-06-18 01:36:40] [INFO] [ToothbrushController] State changed from GentleState to NormalState
[2025-06-18 01:36:40] [INFO] [PressureSensor] Druck simuliert: 3.2 N
[2025-06-18 01:36:40] [WARN] [PressureSensor] Warnung fuer NORMAL-Modus bei 3.2 N!
[2025-06-18 01:36:40] [INFO] [ToothbrushController] Button pressed in state: NormalState
[2025-06-18 01:36:40] [INFO] [IdleState] Button pressed in NORMAL state - switching to INTENSE
[2025-06-18 01:36:40] [INFO] [IdleState] Leaving NORMAL state
[2025-06-18 01:36:40] [INFO] [IdleState] === Entering INTENSE mode ===
ZahnbÃ¼rste lÃ¤uft im INTENSIVEN Modus (35.000 Schwingungen/min)
LED: Rot
[2025-06-18 01:36:40] [INFO] [PressureSensor] Druckschwellen angepasst fuer Intensitaet: INTENSE
[2025-06-18 01:36:40] [INFO] [ToothbrushController] Druckschwellen aktualisiert fÃ¼r INTENSE:
[2025-06-18 01:36:40] [INFO] [ToothbrushController]   - Warnung bei: 1.7999999999999998 N
[2025-06-18 01:36:40] [INFO] [ToothbrushController]   - Kritisch bei: 3.0 N
[2025-06-18 01:36:40] [INFO] [WarningSystem] Warnsystem aktiviert
[2025-06-18 01:36:40] [INFO] [ToothbrushController] State changed from NormalState to IntenseState
[2025-06-18 01:36:40] [INFO] [PressureSensor] Druck simuliert: 3.2 N
[2025-06-18 01:36:40] [ERROR] [PressureSensor] Kritisch fuer INTENSE-Modus bei 3.2 N!
[2025-06-18 01:36:40] [INFO] [ToothbrushController] Button pressed in state: IntenseState
[2025-06-18 01:36:40] [INFO] [IdleState] Button pressed in INTENSE state - switching to OFF
[2025-06-18 01:36:40] [INFO] [IdleState] Leaving INTENSE state
[2025-06-18 01:36:40] [INFO] [IdleState] === ZahnbÃ¼rste AUSGESCHALTET ===
ZahnbÃ¼rste ausgeschaltet
[2025-06-18 01:36:40] [INFO] [PressureSensor] Druckschwellen angepasst fuer Intensitaet: OFF
[2025-06-18 01:36:40] [INFO] [ToothbrushController] Druckschwellen aktualisiert fÃ¼r OFF:
[2025-06-18 01:36:40] [INFO] [ToothbrushController]   - Warnung bei: 3.0 N
[2025-06-18 01:36:40] [INFO] [ToothbrushController]   - Kritisch bei: 5.0 N
[2025-06-18 01:36:40] [INFO] [WarningSystem] Warnsystem deaktiviert
[2025-06-18 01:36:40] [INFO] [ToothbrushController] State changed from IntenseState to IdleState
[2025-06-18 01:36:40] [INFO] [IdleState] === ZahnbÃ¼rste AUSGESCHALTET ===
ZahnbÃ¼rste ausgeschaltet
[2025-06-18 01:36:40] [INFO] [ToothbrushController] Druckschwellen aktualisiert fÃ¼r OFF:
[2025-06-18 01:36:40] [INFO] [ToothbrushController]   - Warnung bei: 3.0 N
[2025-06-18 01:36:40] [INFO] [ToothbrushController]   - Kritisch bei: 5.0 N
[2025-06-18 01:36:40] [INFO] [ToothbrushController] ToothbrushController mit Sensor-System initialisiert
[2025-06-18 01:36:40] [INFO] [ToothbrushController] Button pressed in state: IdleState
[2025-06-18 01:36:40] [INFO] [IdleState] Button pressed in IDLE state - switching to GENTLE
[2025-06-18 01:36:40] [INFO] [IdleState] Leaving IDLE state
[2025-06-18 01:36:40] [INFO] [IdleState] === Entering GENTLE mode ===
ZahnbÃ¼rste lÃ¤uft im SANFTEN Modus (15.000 Schwingungen/min)
LED: GrÃ¼n
[2025-06-18 01:36:40] [INFO] [PressureSensor] Druckschwellen angepasst fuer Intensitaet: GENTLE
[2025-06-18 01:36:40] [INFO] [ToothbrushController] Druckschwellen aktualisiert fÃ¼r GENTLE:
[2025-06-18 01:36:40] [INFO] [ToothbrushController]   - Warnung bei: 3.5999999999999996 N
[2025-06-18 01:36:40] [INFO] [ToothbrushController]   - Kritisch bei: 6.0 N
[2025-06-18 01:36:40] [INFO] [WarningSystem] Warnsystem aktiviert
[2025-06-18 01:36:40] [INFO] [ToothbrushController] State changed from IdleState to GentleState
[2025-06-18 01:36:40] [INFO] [PressureSensor] Druck simuliert: 2.5 N
[2025-06-18 01:36:40] [INFO] [ToothbrushController] Button pressed in state: GentleState
[2025-06-18 01:36:40] [INFO] [IdleState] Button pressed in GENTLE state - switching to NORMAL
[2025-06-18 01:36:40] [INFO] [IdleState] Leaving GENTLE state
[2025-06-18 01:36:40] [INFO] [IdleState] === Entering NORMAL mode ===
ZahnbÃ¼rste lÃ¤uft im NORMALEN Modus (25.000 Schwingungen/min)
LED: Blau
[2025-06-18 01:36:40] [INFO] [PressureSensor] Druckschwellen angepasst fuer Intensitaet: NORMAL
[2025-06-18 01:36:40] [INFO] [ToothbrushController] Druckschwellen aktualisiert fÃ¼r NORMAL:
[2025-06-18 01:36:40] [INFO] [ToothbrushController]   - Warnung bei: 3.0 N
[2025-06-18 01:36:40] [INFO] [ToothbrushController]   - Kritisch bei: 5.0 N
[2025-06-18 01:36:40] [INFO] [WarningSystem] Warnsystem aktiviert
[2025-06-18 01:36:40] [INFO] [ToothbrushController] State changed from GentleState to NormalState
[2025-06-18 01:36:40] [INFO] [ToothbrushController] Button pressed in state: NormalState
[2025-06-18 01:36:40] [INFO] [IdleState] Button pressed in NORMAL state - switching to INTENSE
[2025-06-18 01:36:40] [INFO] [IdleState] Leaving NORMAL state
[2025-06-18 01:36:40] [INFO] [IdleState] === Entering INTENSE mode ===
ZahnbÃ¼rste lÃ¤uft im INTENSIVEN Modus (35.000 Schwingungen/min)
LED: Rot
[2025-06-18 01:36:40] [INFO] [PressureSensor] Druckschwellen angepasst fuer Intensitaet: INTENSE
[2025-06-18 01:36:40] [INFO] [ToothbrushController] Druckschwellen aktualisiert fÃ¼r INTENSE:
[2025-06-18 01:36:40] [INFO] [ToothbrushController]   - Warnung bei: 1.7999999999999998 N
[2025-06-18 01:36:40] [INFO] [ToothbrushController]   - Kritisch bei: 3.0 N
[2025-06-18 01:36:40] [INFO] [WarningSystem] Warnsystem aktiviert
[2025-06-18 01:36:40] [INFO] [ToothbrushController] State changed from NormalState to IntenseState
[2025-06-18 01:36:40] [INFO] [PressureSensor] Druck simuliert: 2.5 N
[2025-06-18 01:36:40] [WARN] [PressureSensor] Warnung fuer INTENSE-Modus bei 2.5 N!
[2025-06-18 01:36:40] [INFO] [IdleState] === ZahnbÃ¼rste AUSGESCHALTET ===
ZahnbÃ¼rste ausgeschaltet
[2025-06-18 01:36:40] [INFO] [ToothbrushController] Druckschwellen aktualisiert fÃ¼r OFF:
[2025-06-18 01:36:40] [INFO] [ToothbrushController]   - Warnung bei: 3.0 N
[2025-06-18 01:36:40] [INFO] [ToothbrushController]   - Kritisch bei: 5.0 N
[2025-06-18 01:36:40] [INFO] [ToothbrushController] ToothbrushController mit Sensor-System initialisiert
[2025-06-18 01:36:40] [INFO] [ToothbrushController] Button pressed in state: IdleState
[2025-06-18 01:36:40] [INFO] [IdleState] Button pressed in IDLE state - switching to GENTLE
[2025-06-18 01:36:40] [INFO] [IdleState] Leaving IDLE state
[2025-06-18 01:36:40] [INFO] [IdleState] === Entering GENTLE mode ===
ZahnbÃ¼rste lÃ¤uft im SANFTEN Modus (15.000 Schwingungen/min)
LED: GrÃ¼n
[2025-06-18 01:36:40] [INFO] [PressureSensor] Druckschwellen angepasst fuer Intensitaet: GENTLE
[2025-06-18 01:36:40] [INFO] [ToothbrushController] Druckschwellen aktualisiert fÃ¼r GENTLE:
[2025-06-18 01:36:40] [INFO] [ToothbrushController]   - Warnung bei: 3.5999999999999996 N
[2025-06-18 01:36:40] [INFO] [ToothbrushController]   - Kritisch bei: 6.0 N
[2025-06-18 01:36:40] [INFO] [WarningSystem] Warnsystem aktiviert
[2025-06-18 01:36:40] [INFO] [ToothbrushController] State changed from IdleState to GentleState
[2025-06-18 01:36:40] [INFO] [IdleState] === ZahnbÃ¼rste AUSGESCHALTET ===
ZahnbÃ¼rste ausgeschaltet
[2025-06-18 01:36:40] [INFO] [ToothbrushController] Druckschwellen aktualisiert fÃ¼r OFF:
[2025-06-18 01:36:40] [INFO] [ToothbrushController]   - Warnung bei: 3.0 N
[2025-06-18 01:36:40] [INFO] [ToothbrushController]   - Kritisch bei: 5.0 N
[2025-06-18 01:36:40] [INFO] [ToothbrushController] ToothbrushController mit Sensor-System initialisiert
[2025-06-18 01:36:40] [INFO] [ToothbrushController] Button pressed in state: IdleState
[2025-06-18 01:36:40] [INFO] [IdleState] Button pressed in IDLE state - switching to GENTLE
[2025-06-18 01:36:40] [INFO] [IdleState] Leaving IDLE state
[2025-06-18 01:36:40] [INFO] [IdleState] === Entering GENTLE mode ===
ZahnbÃ¼rste lÃ¤uft im SANFTEN Modus (15.000 Schwingungen/min)
LED: GrÃ¼n
[2025-06-18 01:36:40] [INFO] [PressureSensor] Druckschwellen angepasst fuer Intensitaet: GENTLE
[2025-06-18 01:36:40] [INFO] [ToothbrushController] Druckschwellen aktualisiert fÃ¼r GENTLE:
[2025-06-18 01:36:40] [INFO] [ToothbrushController]   - Warnung bei: 3.5999999999999996 N
[2025-06-18 01:36:40] [INFO] [ToothbrushController]   - Kritisch bei: 6.0 N
[2025-06-18 01:36:40] [INFO] [WarningSystem] Warnsystem aktiviert
[2025-06-18 01:36:40] [INFO] [ToothbrushController] State changed from IdleState to GentleState
[2025-06-18 01:36:40] [INFO] [ToothbrushController] Button pressed in state: GentleState
[2025-06-18 01:36:40] [INFO] [IdleState] Button pressed in GENTLE state - switching to NORMAL
[2025-06-18 01:36:40] [INFO] [IdleState] Leaving GENTLE state
[2025-06-18 01:36:40] [INFO] [IdleState] === Entering NORMAL mode ===
ZahnbÃ¼rste lÃ¤uft im NORMALEN Modus (25.000 Schwingungen/min)
LED: Blau
[2025-06-18 01:36:40] [INFO] [PressureSensor] Druckschwellen angepasst fuer Intensitaet: NORMAL
[2025-06-18 01:36:40] [INFO] [ToothbrushController] Druckschwellen aktualisiert fÃ¼r NORMAL:
[2025-06-18 01:36:40] [INFO] [ToothbrushController]   - Warnung bei: 3.0 N
[2025-06-18 01:36:40] [INFO] [ToothbrushController]   - Kritisch bei: 5.0 N
[2025-06-18 01:36:40] [INFO] [WarningSystem] Warnsystem aktiviert
[2025-06-18 01:36:40] [INFO] [ToothbrushController] State changed from GentleState to NormalState
[2025-06-18 01:36:40] [INFO] [ToothbrushController] Button pressed in state: NormalState
[2025-06-18 01:36:40] [INFO] [IdleState] Button pressed in NORMAL state - switching to INTENSE
[2025-06-18 01:36:40] [INFO] [IdleState] Leaving NORMAL state
[2025-06-18 01:36:40] [INFO] [IdleState] === Entering INTENSE mode ===
ZahnbÃ¼rste lÃ¤uft im INTENSIVEN Modus (35.000 Schwingungen/min)
LED: Rot
[2025-06-18 01:36:40] [INFO] [PressureSensor] Druckschwellen angepasst fuer Intensitaet: INTENSE
[2025-06-18 01:36:40] [INFO] [ToothbrushController] Druckschwellen aktualisiert fÃ¼r INTENSE:
[2025-06-18 01:36:40] [INFO] [ToothbrushController]   - Warnung bei: 1.7999999999999998 N
[2025-06-18 01:36:40] [INFO] [ToothbrushController]   - Kritisch bei: 3.0 N
[2025-06-18 01:36:40] [INFO] [WarningSystem] Warnsystem aktiviert
[2025-06-18 01:36:40] [INFO] [ToothbrushController] State changed from NormalState to IntenseState
[2025-06-18 01:36:40] [INFO] [IdleState] === ZahnbÃ¼rste AUSGESCHALTET ===
ZahnbÃ¼rste ausgeschaltet
[2025-06-18 01:36:40] [INFO] [ToothbrushController] Druckschwellen aktualisiert fÃ¼r OFF:
[2025-06-18 01:36:40] [INFO] [ToothbrushController]   - Warnung bei: 3.0 N
[2025-06-18 01:36:40] [INFO] [ToothbrushController]   - Kritisch bei: 5.0 N
[2025-06-18 01:36:40] [INFO] [ToothbrushController] ToothbrushController mit Sensor-System initialisiert
[2025-06-18 01:36:40] [INFO] [ToothbrushController] Button pressed in state: IdleState
[2025-06-18 01:36:40] [INFO] [IdleState] Button pressed in IDLE state - switching to GENTLE
[2025-06-18 01:36:40] [INFO] [IdleState] Leaving IDLE state
[2025-06-18 01:36:40] [INFO] [IdleState] === Entering GENTLE mode ===
ZahnbÃ¼rste lÃ¤uft im SANFTEN Modus (15.000 Schwingungen/min)
LED: GrÃ¼n
[2025-06-18 01:36:40] [INFO] [PressureSensor] Druckschwellen angepasst fuer Intensitaet: GENTLE
[2025-06-18 01:36:40] [INFO] [ToothbrushController] Druckschwellen aktualisiert fÃ¼r GENTLE:
[2025-06-18 01:36:40] [INFO] [ToothbrushController]   - Warnung bei: 3.5999999999999996 N
[2025-06-18 01:36:40] [INFO] [ToothbrushController]   - Kritisch bei: 6.0 N
[2025-06-18 01:36:40] [INFO] [WarningSystem] Warnsystem aktiviert
[2025-06-18 01:36:40] [INFO] [ToothbrushController] State changed from IdleState to GentleState
[2025-06-18 01:36:40] [INFO] [PressureSensor] Druck simuliert: 5.0 N
[2025-06-18 01:36:40] [WARN] [PressureSensor] Warnung fuer GENTLE-Modus bei 5.0 N!
[2025-06-18 01:36:40] [INFO] [ToothbrushController] Button pressed in state: GentleState
[2025-06-18 01:36:40] [INFO] [IdleState] Button pressed in GENTLE state - switching to NORMAL
[2025-06-18 01:36:40] [INFO] [IdleState] Leaving GENTLE state
[2025-06-18 01:36:40] [INFO] [IdleState] === Entering NORMAL mode ===
ZahnbÃ¼rste lÃ¤uft im NORMALEN Modus (25.000 Schwingungen/min)
LED: Blau
[2025-06-18 01:36:40] [INFO] [PressureSensor] Druckschwellen angepasst fuer Intensitaet: NORMAL
[2025-06-18 01:36:40] [INFO] [ToothbrushController] Druckschwellen aktualisiert fÃ¼r NORMAL:
[2025-06-18 01:36:40] [INFO] [ToothbrushController]   - Warnung bei: 3.0 N
[2025-06-18 01:36:40] [INFO] [ToothbrushController]   - Kritisch bei: 5.0 N
[2025-06-18 01:36:40] [INFO] [WarningSystem] Warnsystem aktiviert
[2025-06-18 01:36:40] [INFO] [ToothbrushController] State changed from GentleState to NormalState
[2025-06-18 01:36:40] [INFO] [ToothbrushController] Button pressed in state: NormalState
[2025-06-18 01:36:40] [INFO] [IdleState] Button pressed in NORMAL state - switching to INTENSE
[2025-06-18 01:36:40] [INFO] [IdleState] Leaving NORMAL state
[2025-06-18 01:36:40] [INFO] [IdleState] === Entering INTENSE mode ===
ZahnbÃ¼rste lÃ¤uft im INTENSIVEN Modus (35.000 Schwingungen/min)
LED: Rot
[2025-06-18 01:36:40] [INFO] [PressureSensor] Druckschwellen angepasst fuer Intensitaet: INTENSE
[2025-06-18 01:36:40] [INFO] [ToothbrushController] Druckschwellen aktualisiert fÃ¼r INTENSE:
[2025-06-18 01:36:40] [INFO] [ToothbrushController]   - Warnung bei: 1.7999999999999998 N
[2025-06-18 01:36:40] [INFO] [ToothbrushController]   - Kritisch bei: 3.0 N
[2025-06-18 01:36:40] [INFO] [WarningSystem] Warnsystem aktiviert
[2025-06-18 01:36:40] [INFO] [ToothbrushController] State changed from NormalState to IntenseState
[2025-06-18 01:36:40] [INFO] [PressureSensor] Druck simuliert: 5.0 N
[2025-06-18 01:36:40] [ERROR] [PressureSensor] Kritisch fuer INTENSE-Modus bei 5.0 N!
]]></system-out>
  <system-err><![CDATA[]]></system-err>
</testsuite>
