<?xml version="1.0" encoding="UTF-8"?>
<testsuite name="de.thd.zahnputzmaschine.controller.ToothbrushControllerTest" tests="1" skipped="0" failures="0" errors="0" timestamp="2025-06-17T23:36:40" hostname="10NV26OP" time="0.077">
  <properties/>
  <testcase name="testInitialState()" classname="de.thd.zahnputzmaschine.controller.ToothbrushControllerTest" time="0.077"/>
  <system-out><![CDATA[[2025-06-18 01:36:40] [INFO] [IdleState] === ZahnbÃ¼rste AUSGESCHALTET ===
ZahnbÃ¼rste ausgeschaltet
[2025-06-18 01:36:40] [INFO] [ToothbrushController] Druckschwellen aktualisiert fÃ¼r OFF:
[2025-06-18 01:36:40] [INFO] [ToothbrushController]   - Warnung bei: 3.0 N
[2025-06-18 01:36:40] [INFO] [ToothbrushController]   - Kritisch bei: 5.0 N
[2025-06-18 01:36:40] [INFO] [ToothbrushController] ToothbrushController mit Sensor-System initialisiert
]]></system-out>
  <system-err><![CDATA[]]></system-err>
</testsuite>
